

================================================================
== Vivado HLS Report for 'xtea_fsm'
================================================================
* Date:           Sat Jan 19 11:54:50 2019

* Version:        2018.2.2 (Build 2345119 on Mon Oct 01 18:48:11 MDT 2018)
* Project:        xtea_systemc_rtl
* Solution:       xtea_systemc_hls
* Product family: zynq
* Target device:  xc7z020clg400-1


================================================================
== Performance Estimates
================================================================
+ Timing (ns): 
    * Summary: 
    +--------+-------+----------+------------+
    |  Clock | Target| Estimated| Uncertainty|
    +--------+-------+----------+------------+
    |ap_clk  |  10.00|     4.644|        1.25|
    +--------+-------+----------+------------+

+ Latency (clock cycles): 
    * Summary: 
    +-----+-----+-----+-----+---------+
    |  Latency  |  Interval | Pipeline|
    | min | max | min | max |   Type  |
    +-----+-----+-----+-----+---------+
    |    1|    1|    1|    1|   none  |
    +-----+-----+-----+-----+---------+

    + Detail: 
        * Instance: 
        N/A

        * Loop: 
        N/A



================================================================
== Utilization Estimates
================================================================
* Summary: 
+-----------------+---------+-------+--------+-------+
|       Name      | BRAM_18K| DSP48E|   FF   |  LUT  |
+-----------------+---------+-------+--------+-------+
|DSP              |        -|      -|       -|      -|
|Expression       |        -|      -|       0|     31|
|FIFO             |        -|      -|       -|      -|
|Instance         |        -|      -|       -|      -|
|Memory           |        -|      -|       -|      -|
|Multiplexer      |        -|      -|       -|    194|
|Register         |        -|      -|      37|      -|
+-----------------+---------+-------+--------+-------+
|Total            |        0|      0|      37|    225|
+-----------------+---------+-------+--------+-------+
|Available        |      280|    220|  106400|  53200|
+-----------------+---------+-------+--------+-------+
|Utilization (%)  |        0|      0|   ~0   |   ~0  |
+-----------------+---------+-------+--------+-------+

+ Detail: 
    * Instance: 
    N/A

    * DSP48: 
    N/A

    * Memory: 
    N/A

    * FIFO: 
    N/A

    * Expression: 
    +------------------+----------+-------+---+----+------------+------------+
    |   Variable Name  | Operation| DSP48E| FF| LUT| Bitwidth P0| Bitwidth P1|
    +------------------+----------+-------+---+----+------------+------------+
    |ap_condition_284  |    and   |      0|  0|   2|           1|           1|
    |ap_condition_289  |    and   |      0|  0|   2|           1|           1|
    |ap_condition_294  |    and   |      0|  0|   2|           1|           1|
    |tmp_3_fu_401_p2   |   icmp   |      0|  0|   8|           2|           1|
    |tmp_6_fu_407_p2   |   icmp   |      0|  0|   8|           2|           1|
    |tmp_7_fu_413_p2   |   icmp   |      0|  0|   9|           2|           3|
    +------------------+----------+-------+---+----+------------+------------+
    |Total             |          |      0|  0|  31|           9|           8|
    +------------------+----------+-------+---+----+------------+------------+

    * Multiplexer: 
    +-------------------+----+-----------+-----+-----------+
    |        Name       | LUT| Input Size| Bits| Total Bits|
    +-------------------+----+-----------+-----+-----------+
    |ap_NS_fsm          |  15|          3|    1|          3|
    |dpValues_address0  |  15|          3|    1|          3|
    |dpValues_address1  |  15|          3|    1|          3|
    |fsmState_o         |  62|         15|   32|        480|
    |keys_address0      |  15|          3|    2|          6|
    |keys_address1      |  15|          3|    2|          6|
    |outputReady        |  15|          3|    1|          3|
    |values_address0    |  21|          4|    1|          4|
    |values_address1    |  21|          4|    1|          4|
    +-------------------+----+-----------+-----+-----------+
    |Total              | 194|         41|   42|        512|
    +-------------------+----+-----------+-----+-----------+

    * Register: 
    +---------------+----+----+-----+-----------+
    |      Name     | FF | LUT| Bits| Const Bits|
    +---------------+----+----+-----+-----------+
    |tmp_1_reg_423  |  32|   0|   32|          0|
    |tmp_3_reg_455  |   1|   0|    1|          0|
    |tmp_4_reg_441  |   1|   0|    1|          0|
    |tmp_5_reg_427  |   1|   0|    1|          0|
    |tmp_6_reg_459  |   1|   0|    1|          0|
    |tmp_reg_419    |   1|   0|    1|          0|
    +---------------+----+----+-----+-----------+
    |Total          |  37|   0|   37|          0|
    +---------------+----+----+-----+-----------+



================================================================
== Interface
================================================================
* Summary: 
+--------------------+-----+-----+------------+--------------+--------------+
|      RTL Ports     | Dir | Bits|  Protocol  | Source Object|    C Type    |
+--------------------+-----+-----+------------+--------------+--------------+
|ap_clk              |  in |    1| ap_ctrl_hs |   xtea::fsm  | return value |
|ap_rst              |  in |    1| ap_ctrl_hs |   xtea::fsm  | return value |
|counter             |  in |    6|   ap_none  |    counter   |    pointer   |
|dpValues_address0   | out |    1|  ap_memory |   dpValues   |     array    |
|dpValues_ce0        | out |    1|  ap_memory |   dpValues   |     array    |
|dpValues_q0         |  in |   32|  ap_memory |   dpValues   |     array    |
|dpValues_address1   | out |    1|  ap_memory |   dpValues   |     array    |
|dpValues_ce1        | out |    1|  ap_memory |   dpValues   |     array    |
|dpValues_q1         |  in |   32|  ap_memory |   dpValues   |     array    |
|keys_address0       | out |    2|  ap_memory |     keys     |     array    |
|keys_ce0            | out |    1|  ap_memory |     keys     |     array    |
|keys_we0            | out |    1|  ap_memory |     keys     |     array    |
|keys_d0             | out |   32|  ap_memory |     keys     |     array    |
|keys_address1       | out |    2|  ap_memory |     keys     |     array    |
|keys_ce1            | out |    1|  ap_memory |     keys     |     array    |
|keys_we1            | out |    1|  ap_memory |     keys     |     array    |
|keys_d1             | out |   32|  ap_memory |     keys     |     array    |
|values_address0     | out |    1|  ap_memory |    values    |     array    |
|values_ce0          | out |    1|  ap_memory |    values    |     array    |
|values_we0          | out |    1|  ap_memory |    values    |     array    |
|values_d0           | out |   32|  ap_memory |    values    |     array    |
|values_q0           |  in |   32|  ap_memory |    values    |     array    |
|values_address1     | out |    1|  ap_memory |    values    |     array    |
|values_ce1          | out |    1|  ap_memory |    values    |     array    |
|values_we1          | out |    1|  ap_memory |    values    |     array    |
|values_d1           | out |   32|  ap_memory |    values    |     array    |
|values_q1           |  in |   32|  ap_memory |    values    |     array    |
|memCommand          | out |    2|   ap_vld   |  memCommand  |    pointer   |
|memCommand_ap_vld   | out |    1|   ap_vld   |  memCommand  |    pointer   |
|fsmState_i          |  in |   32|   ap_ovld  |   fsmState   |    pointer   |
|fsmState_o          | out |   32|   ap_ovld  |   fsmState   |    pointer   |
|fsmState_o_ap_vld   | out |    1|   ap_ovld  |   fsmState   |    pointer   |
|reset               |  in |    1|   ap_none  |     reset    |    pointer   |
|op1                 |  in |   32|   ap_none  |      op1     |    pointer   |
|op2                 |  in |   32|   ap_none  |      op2     |    pointer   |
|command             |  in |    2|   ap_none  |    command   |    pointer   |
|inputReady          |  in |    1|   ap_none  |  inputReady  |    pointer   |
|result1             | out |   32|   ap_vld   |    result1   |    pointer   |
|result1_ap_vld      | out |    1|   ap_vld   |    result1   |    pointer   |
|result2             | out |   32|   ap_vld   |    result2   |    pointer   |
|result2_ap_vld      | out |    1|   ap_vld   |    result2   |    pointer   |
|outputReady         | out |    1|   ap_vld   |  outputReady |    pointer   |
|outputReady_ap_vld  | out |    1|   ap_vld   |  outputReady |    pointer   |
+--------------------+-----+-----+------------+--------------+--------------+

