

================================================================
== Vivado HLS Report for 'xtea_datapath'
================================================================
* Date:           Sat Jan 19 11:54:49 2019

* Version:        2018.2.2 (Build 2345119 on Mon Oct 01 18:48:11 MDT 2018)
* Project:        xtea_systemc_rtl
* Solution:       xtea_systemc_hls
* Product family: zynq
* Target device:  xc7z020clg400-1


================================================================
== Performance Estimates
================================================================
+ Timing (ns): 
    * Summary: 
    +--------+-------+----------+------------+
    |  Clock | Target| Estimated| Uncertainty|
    +--------+-------+----------+------------+
    |ap_clk  |  10.00|     7.196|        1.25|
    +--------+-------+----------+------------+

+ Latency (clock cycles): 
    * Summary: 
    +-----+-----+-----+-----+---------+
    |  Latency  |  Interval | Pipeline|
    | min | max | min | max |   Type  |
    +-----+-----+-----+-----+---------+
    |    1|    1|    1|    1|   none  |
    +-----+-----+-----+-----+---------+

    + Detail: 
        * Instance: 
        N/A

        * Loop: 
        N/A



================================================================
== Utilization Estimates
================================================================
* Summary: 
+-----------------+---------+-------+--------+-------+
|       Name      | BRAM_18K| DSP48E|   FF   |  LUT  |
+-----------------+---------+-------+--------+-------+
|DSP              |        -|      -|       -|      -|
|Expression       |        -|      -|       0|    538|
|FIFO             |        -|      -|       -|      -|
|Instance         |        -|      -|       -|      -|
|Memory           |        -|      -|       -|      -|
|Multiplexer      |        -|      -|       -|    170|
|Register         |        -|      -|      32|      -|
+-----------------+---------+-------+--------+-------+
|Total            |        0|      0|      32|    708|
+-----------------+---------+-------+--------+-------+
|Available        |      280|    220|  106400|  53200|
+-----------------+---------+-------+--------+-------+
|Utilization (%)  |        0|      0|   ~0   |      1|
+-----------------+---------+-------+--------+-------+

+ Detail: 
    * Instance: 
    N/A

    * DSP48: 
    N/A

    * Memory: 
    N/A

    * FIFO: 
    N/A

    * Expression: 
    +------------------+----------+-------+---+----+------------+------------+
    |   Variable Name  | Operation| DSP48E| FF| LUT| Bitwidth P0| Bitwidth P1|
    +------------------+----------+-------+---+----+------------+------------+
    |grp_fu_386_p2     |     +    |      0|  0|  15|           6|           1|
    |grp_fu_393_p2     |     +    |      0|  0|  39|          32|          32|
    |tmp_2_fu_523_p2   |     +    |      0|  0|  39|          32|          32|
    |tmp_4_fu_457_p2   |     +    |      0|  0|  39|          32|          32|
    |tmp_6_fu_467_p2   |     +    |      0|  0|  39|          32|          32|
    |tmp_s_fu_513_p2   |     +    |      0|  0|  39|          32|          32|
    |v_V_15_fu_480_p2  |     +    |      0|  0|  71|          64|          32|
    |v_V_21_fu_424_p2  |     +    |      0|  0|  71|          64|          33|
    |grp_fu_379_p2     |     -    |      0|  0|  39|          32|          32|
    |ap_condition_171  |    and   |      0|  0|   2|           1|           1|
    |tmp_7_fu_542_p2   |   icmp   |      0|  0|   8|           2|           2|
    |tmp_8_fu_536_p2   |   icmp   |      0|  0|   9|           2|           3|
    |r_V_4_fu_451_p2   |    xor   |      0|  0|  32|          32|          32|
    |r_V_fu_507_p2     |    xor   |      0|  0|  32|          32|          32|
    |v_V_13_fu_529_p2  |    xor   |      0|  0|  32|          32|          32|
    |v_V_17_fu_473_p2  |    xor   |      0|  0|  32|          32|          32|
    +------------------+----------+-------+---+----+------------+------------+
    |Total             |          |      0|  0| 538|         459|         392|
    +------------------+----------+-------+---+----+------------+------------+

    * Multiplexer: 
    +-------------------+----+-----------+-----+-----------+
    |        Name       | LUT| Input Size| Bits| Total Bits|
    +-------------------+----+-----------+-----+-----------+
    |acc_o              |  15|          3|   32|         96|
    |ap_NS_fsm          |  15|          3|    1|          3|
    |counter_o          |  15|          3|    6|         18|
    |dpValues_address0  |  53|         12|    1|         12|
    |dpValues_d0        |  21|          4|   32|        128|
    |keys_address0      |  15|          3|    2|          6|
    |sum_o              |  27|          5|   64|        320|
    |temp_o             |   9|          2|   32|         64|
    +-------------------+----+-----------+-----+-----------+
    |Total              | 170|         35|  170|        647|
    +-------------------+----+-----------+-----+-----------+

    * Register: 
    +-------------+----+----+-----+-----------+
    |     Name    | FF | LUT| Bits| Const Bits|
    +-------------+----+----+-----+-----------+
    |tmp_reg_548  |  32|   0|   32|          0|
    +-------------+----+----+-----+-----------+
    |Total        |  32|   0|   32|          0|
    +-------------+----+----+-----+-----------+



================================================================
== Interface
================================================================
* Summary: 
+-------------------+-----+-----+------------+----------------+--------------+
|     RTL Ports     | Dir | Bits|  Protocol  |  Source Object |    C Type    |
+-------------------+-----+-----+------------+----------------+--------------+
|ap_clk             |  in |    1| ap_ctrl_hs | xtea::datapath | return value |
|ap_rst             |  in |    1| ap_ctrl_hs | xtea::datapath | return value |
|counter_i          |  in |    6|   ap_ovld  |     counter    |    pointer   |
|counter_o          | out |    6|   ap_ovld  |     counter    |    pointer   |
|counter_o_ap_vld   | out |    1|   ap_ovld  |     counter    |    pointer   |
|sum_i              |  in |   64|   ap_ovld  |       sum      |    pointer   |
|sum_o              | out |   64|   ap_ovld  |       sum      |    pointer   |
|sum_o_ap_vld       | out |    1|   ap_ovld  |       sum      |    pointer   |
|temp_i             |  in |   32|   ap_ovld  |      temp      |    pointer   |
|temp_o             | out |   32|   ap_ovld  |      temp      |    pointer   |
|temp_o_ap_vld      | out |    1|   ap_ovld  |      temp      |    pointer   |
|acc_i              |  in |   32|   ap_ovld  |       acc      |    pointer   |
|acc_o              | out |   32|   ap_ovld  |       acc      |    pointer   |
|acc_o_ap_vld       | out |    1|   ap_ovld  |       acc      |    pointer   |
|dpValues_address0  | out |    1|  ap_memory |    dpValues    |     array    |
|dpValues_ce0       | out |    1|  ap_memory |    dpValues    |     array    |
|dpValues_we0       | out |    1|  ap_memory |    dpValues    |     array    |
|dpValues_d0        | out |   32|  ap_memory |    dpValues    |     array    |
|dpValues_q0        |  in |   32|  ap_memory |    dpValues    |     array    |
|dpValues_address1  | out |    1|  ap_memory |    dpValues    |     array    |
|dpValues_ce1       | out |    1|  ap_memory |    dpValues    |     array    |
|dpValues_we1       | out |    1|  ap_memory |    dpValues    |     array    |
|dpValues_d1        | out |   32|  ap_memory |    dpValues    |     array    |
|keys_address0      | out |    2|  ap_memory |      keys      |     array    |
|keys_ce0           | out |    1|  ap_memory |      keys      |     array    |
|keys_q0            |  in |   32|  ap_memory |      keys      |     array    |
|values_address0    | out |    1|  ap_memory |     values     |     array    |
|values_ce0         | out |    1|  ap_memory |     values     |     array    |
|values_q0          |  in |   32|  ap_memory |     values     |     array    |
|values_address1    | out |    1|  ap_memory |     values     |     array    |
|values_ce1         | out |    1|  ap_memory |     values     |     array    |
|values_q1          |  in |   32|  ap_memory |     values     |     array    |
|fsmState           |  in |   32|   ap_none  |    fsmState    |    pointer   |
|command            |  in |    2|   ap_none  |     command    |    pointer   |
+-------------------+-----+-----+------------+----------------+--------------+

